<?xml version="1.0" encoding="UTF-8"?>
<testsuite name="io.agibalov.HttpUrlTest" tests="2" skipped="0" failures="0" errors="0" timestamp="2020-04-11T16:09:31" hostname="nebuchadnezzar" time="0.047">
  <properties/>
  <testcase name="canBuildUrlFromScratch()" classname="io.agibalov.HttpUrlTest" time="0.044"/>
  <testcase name="canParseUrl()" classname="io.agibalov.HttpUrlTest" time="0.002"/>
  <system-out><![CDATA[]]></system-out>
  <system-err><![CDATA[]]></system-err>
</testsuite>
